<?xml version="1.0" encoding="utf-8"?><testsuites name="pytest tests"><testsuite name="pytest" errors="0" failures="0" skipped="0" tests="192" time="8.632" timestamp="2026-07-04T21:12:24.284232+08:00" hostname="ROMMEL"><testcase classname="testcase.benchmark.test_concurrent_reads.TestConcurrentReads" name="test_concurrent_read[\u6162\u67e5\u8be2-01]" time="0.192" /><testcase classname="testcase.benchmark.test_concurrent_reads.TestConcurrentReads" name="test_concurrent_read[\u6162\u67e5\u8be2-02]" time="0.061" /><testcase classname="testcase.benchmark.test_concurrent_reads.TestConcurrentReads" name="test_concurrent_read[\u6162\u67e5\u8be2-03]" time="0.060" /><testcase classname="testcase.benchmark.test_concurrent_reads.TestConcurrentReads" name="test_concurrent_read[\u6162\u67e5\u8be2-04]" time="0.075" /><testcase classname="testcase.benchmark.test_concurrent_reads.TestConcurrentReads" name="test_concurrent_read[\u6162\u67e5\u8be2-05]" time="0.069" /><testcase classname="testcase.benchmark.test_concurrent_reads.TestConcurrentReads" name="test_concurrent_read[\u6162\u67e5\u8be2-06]" time="0.068" /><testcase classname="testcase.benchmark.test_concurrent_reads.TestConcurrentReads" name="test_concurrent_read[\u6162\u67e5\u8be2-07]" time="0.061" /><testcase classname="testcase.benchmark.test_concurrent_reads.TestConcurrentReads" name="test_concurrent_read[\u6162\u67e5\u8be2-08]" time="0.060" /><testcase classname="testcase.benchmark.test_concurrent_reads.TestConcurrentReads" name="test_concurrent_read[\u6162\u67e5\u8be2-09]" time="0.059" /><testcase classname="testcase.benchmark.test_concurrent_reads.TestConcurrentReads" name="test_concurrent_read[\u6162\u67e5\u8be2-10]" time="0.071" /><testcase classname="testcase.benchmark.test_concurrent_reads.TestConcurrentReads" name="test_concurrent_read[\u6162\u67e5\u8be2-11]" time="0.060" /><testcase classname="testcase.benchmark.test_concurrent_reads.TestConcurrentReads" name="test_concurrent_read[\u6162\u67e5\u8be2-12]" time="0.069" /><testcase classname="testcase.benchmark.test_concurrent_reads.TestConcurrentReads" name="test_concurrent_read[\u6162\u67e5\u8be2-13]" time="0.060" /><testcase classname="testcase.benchmark.test_concurrent_reads.TestConcurrentReads" name="test_concurrent_read[\u6162\u67e5\u8be2-14]" time="0.085" /><testcase classname="testcase.benchmark.test_concurrent_reads.TestConcurrentReads" name="test_concurrent_read[\u6162\u67e5\u8be2-15]" time="0.071" /><testcase classname="testcase.benchmark.test_concurrent_reads.TestConcurrentReads" name="test_concurrent_read[\u6162\u67e5\u8be2-16]" time="0.070" /><testcase classname="testcase.benchmark.test_concurrent_reads.TestConcurrentReads" name="test_concurrent_read[\u6162\u67e5\u8be2-17]" time="0.060" /><testcase classname="testcase.benchmark.test_concurrent_reads.TestConcurrentReads" name="test_concurrent_read[\u6162\u67e5\u8be2-18]" time="0.077" /><testcase classname="testcase.benchmark.test_concurrent_reads.TestConcurrentReads" name="test_concurrent_read[\u6162\u67e5\u8be2-19]" time="0.079" /><testcase classname="testcase.benchmark.test_concurrent_reads.TestConcurrentReads" name="test_concurrent_read[\u6162\u67e5\u8be2-20]" time="0.073" /><testcase classname="testcase.benchmark.test_concurrent_reads.TestConcurrentReads" name="test_concurrent_read[\u6162\u67e5\u8be2-21]" time="0.076" /><testcase classname="testcase.benchmark.test_concurrent_reads.TestConcurrentReads" name="test_concurrent_read[\u6162\u67e5\u8be2-22]" time="0.073" /><testcase classname="testcase.benchmark.test_concurrent_reads.TestConcurrentReads" name="test_concurrent_read[\u6162\u67e5\u8be2-23]" time="0.060" /><testcase classname="testcase.benchmark.test_concurrent_reads.TestConcurrentReads" name="test_concurrent_read[\u6162\u67e5\u8be2-24]" time="0.079" /><testcase classname="testcase.benchmark.test_concurrent_reads.TestConcurrentReads" name="test_concurrent_read[\u6162\u67e5\u8be2-25]" time="0.059" /><testcase classname="testcase.benchmark.test_concurrent_reads.TestConcurrentReads" name="test_concurrent_read[\u6162\u67e5\u8be2-26]" time="0.058" /><testcase classname="testcase.benchmark.test_concurrent_reads.TestConcurrentReads" name="test_concurrent_read[\u6162\u67e5\u8be2-27]" time="0.060" /><testcase classname="testcase.benchmark.test_concurrent_reads.TestConcurrentReads" name="test_concurrent_read[\u6162\u67e5\u8be2-28]" time="0.061" /><testcase classname="testcase.benchmark.test_concurrent_reads.TestConcurrentReads" name="test_concurrent_read[\u6162\u67e5\u8be2-29]" time="0.061" /><testcase classname="testcase.benchmark.test_concurrent_reads.TestConcurrentReads" name="test_concurrent_read[\u6162\u67e5\u8be2-30]" time="0.060" /><testcase classname="testcase.benchmark.test_concurrent_reads.TestConcurrentReads" name="test_concurrent_read[\u6162\u67e5\u8be2-31]" time="0.080" /><testcase classname="testcase.benchmark.test_concurrent_reads.TestConcurrentReads" name="test_concurrent_read[\u6162\u67e5\u8be2-32]" time="0.060" /><testcase classname="testcase.benchmark.test_concurrent_reads.TestConcurrentReads" name="test_concurrent_read[\u6162\u67e5\u8be2-33]" time="0.059" /><testcase classname="testcase.benchmark.test_concurrent_reads.TestConcurrentReads" name="test_concurrent_read[\u6162\u67e5\u8be2-34]" time="0.059" /><testcase classname="testcase.benchmark.test_concurrent_reads.TestConcurrentReads" name="test_concurrent_read[\u6162\u67e5\u8be2-35]" time="0.079" /><testcase classname="testcase.benchmark.test_concurrent_reads.TestConcurrentReads" name="test_concurrent_read[\u6162\u67e5\u8be2-36]" time="0.058" /><testcase classname="testcase.benchmark.test_concurrent_reads.TestConcurrentReads" name="test_concurrent_read[\u6162\u67e5\u8be2-37]" time="0.060" /><testcase classname="testcase.benchmark.test_concurrent_reads.TestConcurrentReads" name="test_concurrent_read[\u6162\u67e5\u8be2-38]" time="0.059" /><testcase classname="testcase.benchmark.test_concurrent_reads.TestConcurrentReads" name="test_concurrent_read[\u6162\u67e5\u8be2-39]" time="0.073" /><testcase classname="testcase.benchmark.test_concurrent_reads.TestConcurrentReads" name="test_concurrent_read[\u6162\u67e5\u8be2-40]" time="0.059" /><testcase classname="testcase.benchmark.test_concurrent_reads.TestConcurrentReads" name="test_concurrent_read[\u6162\u67e5\u8be2-41]" time="0.079" /><testcase classname="testcase.benchmark.test_concurrent_reads.TestConcurrentReads" name="test_concurrent_read[\u6162\u67e5\u8be2-42]" time="0.058" /><testcase classname="testcase.benchmark.test_concurrent_reads.TestConcurrentReads" name="test_concurrent_read[\u6162\u67e5\u8be2-43]" time="0.059" /><testcase classname="testcase.benchmark.test_concurrent_reads.TestConcurrentReads" name="test_concurrent_read[\u6162\u67e5\u8be2-44]" time="0.077" /><testcase classname="testcase.benchmark.test_concurrent_reads.TestConcurrentReads" name="test_concurrent_read[\u6162\u67e5\u8be2-45]" time="0.079" /><testcase classname="testcase.benchmark.test_concurrent_reads.TestConcurrentReads" name="test_concurrent_read[\u6162\u67e5\u8be2-46]" time="0.060" /><testcase classname="testcase.benchmark.test_concurrent_reads.TestConcurrentReads" name="test_concurrent_read[\u6162\u67e5\u8be2-47]" time="0.059" /><testcase classname="testcase.benchmark.test_concurrent_reads.TestConcurrentReads" name="test_concurrent_read[\u6162\u67e5\u8be2-48]" time="0.070" /><testcase classname="testcase.benchmark.test_concurrent_reads.TestConcurrentReads" name="test_concurrent_read[\u6162\u67e5\u8be2-49]" time="0.074" /><testcase classname="testcase.benchmark.test_concurrent_reads.TestConcurrentReads" name="test_concurrent_read[\u6162\u67e5\u8be2-50]" time="0.076" /><testcase classname="testcase.benchmark.test_concurrent_reads.TestConcurrentReads" name="test_concurrent_read[\u6162\u67e5\u8be2-51]" time="0.059" /><testcase classname="testcase.benchmark.test_concurrent_reads.TestConcurrentReads" name="test_concurrent_read[\u6162\u67e5\u8be2-52]" time="0.058" /><testcase classname="testcase.benchmark.test_concurrent_reads.TestConcurrentReads" name="test_concurrent_read[\u6162\u67e5\u8be2-53]" time="0.059" /><testcase classname="testcase.benchmark.test_concurrent_reads.TestConcurrentReads" name="test_concurrent_read[\u6162\u67e5\u8be2-54]" time="0.075" /><testcase classname="testcase.benchmark.test_concurrent_reads.TestConcurrentReads" name="test_concurrent_read[\u6162\u67e5\u8be2-55]" time="0.075" /><testcase classname="testcase.benchmark.test_concurrent_reads.TestConcurrentReads" name="test_concurrent_read[\u6162\u67e5\u8be2-56]" time="0.075" /><testcase classname="testcase.benchmark.test_concurrent_reads.TestConcurrentReads" name="test_concurrent_read[\u6162\u67e5\u8be2-57]" time="0.061" /><testcase classname="testcase.benchmark.test_concurrent_reads.TestConcurrentReads" name="test_concurrent_read[\u6162\u67e5\u8be2-58]" time="0.082" /><testcase classname="testcase.benchmark.test_concurrent_reads.TestConcurrentReads" name="test_concurrent_read[\u6162\u67e5\u8be2-59]" time="0.070" /><testcase classname="testcase.benchmark.test_concurrent_reads.TestConcurrentReads" name="test_concurrent_read[\u6162\u67e5\u8be2-60]" time="0.070" /><testcase classname="testcase.ecommerce.test_ecommerce_api.TestEcommerceAPI" name="test_ecommerce_api[01_goods_list.yaml::\u6b63\u5e38\u83b7\u53d6\u5546\u54c1\u5217\u8868]" time="0.008" /><testcase classname="testcase.ecommerce.test_ecommerce_api.TestEcommerceAPI" name="test_ecommerce_api[01_goods_list.yaml::\u7f3a\u5c11msgType]" time="0.009" /><testcase classname="testcase.ecommerce.test_ecommerce_api.TestEcommerceAPI" name="test_ecommerce_api[01_goods_list.yaml::\u9519\u8befmsgType]" time="0.031" /><testcase classname="testcase.ecommerce.test_ecommerce_api.TestEcommerceAPI" name="test_ecommerce_api[01_goods_list.yaml::\u5e26token\u8bf7\u6c42]" time="0.025" /><testcase classname="testcase.ecommerce.test_ecommerce_api.TestEcommerceAPI" name="test_ecommerce_api[02_product_detail.yaml::\u6b63\u5e38\u83b7\u53d6\u5546\u54c1\u8be6\u60c5]" time="0.025" /><testcase classname="testcase.ecommerce.test_ecommerce_api.TestEcommerceAPI" name="test_ecommerce_api[02_product_detail.yaml::\u5546\u54c1ID\u4e0d\u5b58\u5728]" time="0.009" /><testcase classname="testcase.ecommerce.test_ecommerce_api.TestEcommerceAPI" name="test_ecommerce_api[02_product_detail.yaml::\u7f3a\u5c11pro_id]" time="0.021" /><testcase classname="testcase.ecommerce.test_ecommerce_api.TestEcommerceAPI" name="test_ecommerce_api[02_product_detail.yaml::pro_id\u4e3a\u7a7a\u5b57\u7b26\u4e32]" time="0.025" /><testcase classname="testcase.ecommerce.test_ecommerce_api.TestEcommerceAPI" name="test_ecommerce_api[03_inventory.yaml::\u5e93\u5b58\u5145\u8db3]" time="0.024" /><testcase classname="testcase.ecommerce.test_ecommerce_api.TestEcommerceAPI" name="test_ecommerce_api[03_inventory.yaml::\u5e93\u5b58\u4e0d\u8db3]" time="0.028" /><testcase classname="testcase.ecommerce.test_ecommerce_api.TestEcommerceAPI" name="test_ecommerce_api[03_inventory.yaml::\u5546\u54c1ID\u4e0d\u5b58\u5728]" time="0.021" /><testcase classname="testcase.ecommerce.test_ecommerce_api.TestEcommerceAPI" name="test_ecommerce_api[03_inventory.yaml::count\u4e3a0]" time="0.026" /><testcase classname="testcase.ecommerce.test_ecommerce_api.TestEcommerceAPI" name="test_ecommerce_api[04_place_order.yaml::\u6b63\u5e38\u63d0\u4ea4\u8ba2\u5355]" time="0.009" /><testcase classname="testcase.ecommerce.test_ecommerce_api.TestEcommerceAPI" name="test_ecommerce_api[04_place_order.yaml::\u7f3a\u5c11goods_id]" time="0.009" /><testcase classname="testcase.ecommerce.test_ecommerce_api.TestEcommerceAPI" name="test_ecommerce_api[04_place_order.yaml::\u5546\u54c1ID\u4e0d\u5b58\u5728]" time="0.009" /><testcase classname="testcase.ecommerce.test_ecommerce_api.TestEcommerceAPI" name="test_ecommerce_api[04_place_order.yaml::price\u4e3a\u7a7a]" time="0.009" /><testcase classname="testcase.ecommerce.test_ecommerce_api.TestEcommerceAPI" name="test_ecommerce_api[04_place_order.yaml::number\u4e3a\u8d1f\u6570]" time="0.029" /><testcase classname="testcase.ecommerce.test_ecommerce_api.TestEcommerceAPI" name="test_ecommerce_api[05_order_pay.yaml::\u6b63\u5e38\u652f\u4ed8]" time="0.038" /><testcase classname="testcase.ecommerce.test_ecommerce_api.TestEcommerceAPI" name="test_ecommerce_api[05_order_pay.yaml::\u8ba2\u5355\u53f7\u4e0d\u5b58\u5728]" time="0.021" /><testcase classname="testcase.ecommerce.test_ecommerce_api.TestEcommerceAPI" name="test_ecommerce_api[05_order_pay.yaml::\u7f3a\u5c11userId]" time="0.011" /><testcase classname="testcase.ecommerce.test_ecommerce_api.TestEcommerceAPI" name="test_ecommerce_api[05_order_pay.yaml::userId\u4e0d\u5339\u914d]" time="0.024" /><testcase classname="testcase.ecommerce.test_ecommerce_api.TestEcommerceAPI" name="test_ecommerce_api[06_check_status.yaml::\u6b63\u5e38\u67e5\u8be2]" time="0.009" /><testcase classname="testcase.ecommerce.test_ecommerce_api.TestEcommerceAPI" name="test_ecommerce_api[06_check_status.yaml::\u8ba2\u5355\u53f7\u4e0d\u5b58\u5728]" time="0.032" /><testcase classname="testcase.ecommerce.test_ecommerce_api.TestEcommerceAPI" name="test_ecommerce_api[06_check_status.yaml::\u7f3a\u5c11orderNumber]" time="0.026" /><testcase classname="testcase.ecommerce.test_ecommerce_api.TestEcommerceAPI" name="test_ecommerce_api[06_check_status.yaml::orderNumber\u4e3a\u7a7a]" time="0.026" /><testcase classname="testcase.single_api.test_exception_cases.TestExceptionCases" name="test_exception[base_info0-testcase0]" time="0.026" /><testcase classname="testcase.single_api.test_exception_cases.TestExceptionCases" name="test_exception[base_info1-testcase1]" time="1.015" /><testcase classname="testcase.single_api.test_exception_cases.TestExceptionCases" name="test_exception[base_info2-testcase2]" time="0.021" /><testcase classname="testcase.single_api.test_exception_cases.TestExceptionCases" name="test_exception[base_info3-testcase3]" time="0.025" /><testcase classname="testcase.single_api.test_exception_cases.TestExceptionCases" name="test_exception[base_info4-testcase4]" time="0.027" /><testcase classname="testcase.single_api.test_exception_cases.TestExceptionCases" name="test_exception[base_info5-testcase5]" time="0.008" /><testcase classname="testcase.single_api.test_login_redis.TestLoginWithRedis" name="test_login_redis[base_info0-testcase0]" time="0.035" /><testcase classname="testcase.single_api.test_logistics.TestLogistics" name="test_logistics_api[01_create_waybill.yaml::\u6b63\u5e38\u521b\u5efa\u8fd0\u5355]" time="0.031" /><testcase classname="testcase.single_api.test_logistics.TestLogistics" name="test_logistics_api[01_create_waybill.yaml::\u7f3a\u5c11goodsId]" time="0.029" /><testcase classname="testcase.single_api.test_logistics.TestLogistics" name="test_logistics_api[01_create_waybill.yaml::\u7f3a\u5c11\u6536\u8d27\u5730\u5740]" time="0.022" /><testcase classname="testcase.single_api.test_logistics.TestLogistics" name="test_logistics_api[01_create_waybill.yaml::quantity\u4e3a0]" time="0.025" /><testcase classname="testcase.single_api.test_logistics.TestLogistics" name="test_logistics_api[01_create_waybill.yaml::\u6536\u8d27\u4eba\u8d85\u957f]" time="0.031" /><testcase classname="testcase.single_api.test_logistics.TestLogistics" name="test_logistics_api[01_create_waybill.yaml::\u7279\u6b8a\u5b57\u7b26\u5730\u5740]" time="0.037" /><testcase classname="testcase.single_api.test_logistics.TestLogistics" name="test_logistics_api[02_assign_carrier.yaml::waybillNo\u4e0d\u5b58\u5728]" time="0.022" /><testcase classname="testcase.single_api.test_logistics.TestLogistics" name="test_logistics_api[02_assign_carrier.yaml::\u7f3a\u5c11carrierId]" time="0.028" /><testcase classname="testcase.single_api.test_logistics.TestLogistics" name="test_logistics_api[02_assign_carrier.yaml::\u7f3a\u5c11carrierName]" time="0.011" /><testcase classname="testcase.single_api.test_logistics.TestLogistics" name="test_logistics_api[02_assign_carrier.yaml::\u7f3a\u5c11waybillNo]" time="0.023" /><testcase classname="testcase.single_api.test_logistics.TestLogistics" name="test_logistics_api[02_assign_carrier.yaml::waybillNo\u4e3a\u7a7a]" time="0.010" /><testcase classname="testcase.single_api.test_logistics.TestLogistics" name="test_logistics_api[03_pickup.yaml::waybillNo\u4e0d\u5b58\u5728]" time="0.025" /><testcase classname="testcase.single_api.test_logistics.TestLogistics" name="test_logistics_api[03_pickup.yaml::\u7f3a\u5c11driverId]" time="0.025" /><testcase classname="testcase.single_api.test_logistics.TestLogistics" name="test_logistics_api[03_pickup.yaml::\u7f3a\u5c11pickupTime]" time="0.010" /><testcase classname="testcase.single_api.test_logistics.TestLogistics" name="test_logistics_api[03_pickup.yaml::\u7f3a\u5c11waybillNo]" time="0.010" /><testcase classname="testcase.single_api.test_logistics.TestLogistics" name="test_logistics_api[03_pickup.yaml::waybillNo\u4e3a\u7a7a]" time="0.010" /><testcase classname="testcase.single_api.test_logistics.TestLogistics" name="test_logistics_api[04_dispatch.yaml::waybillNo\u4e0d\u5b58\u5728]" time="0.009" /><testcase classname="testcase.single_api.test_logistics.TestLogistics" name="test_logistics_api[04_dispatch.yaml::\u7f3a\u5c11hubId]" time="0.030" /><testcase classname="testcase.single_api.test_logistics.TestLogistics" name="test_logistics_api[04_dispatch.yaml::\u7f3a\u5c11hubName]" time="0.009" /><testcase classname="testcase.single_api.test_logistics.TestLogistics" name="test_logistics_api[04_dispatch.yaml::\u7f3a\u5c11waybillNo]" time="0.008" /><testcase classname="testcase.single_api.test_logistics.TestLogistics" name="test_logistics_api[04_dispatch.yaml::waybillNo\u4e3a\u7a7a]" time="0.021" /><testcase classname="testcase.single_api.test_logistics.TestLogistics" name="test_logistics_api[05_track.yaml::\u6b63\u5e38\u67e5\u8be2\u8f68\u8ff9]" time="0.009" /><testcase classname="testcase.single_api.test_logistics.TestLogistics" name="test_logistics_api[05_track.yaml::waybillNo\u4e0d\u5b58\u5728]" time="0.031" /><testcase classname="testcase.single_api.test_logistics.TestLogistics" name="test_logistics_api[05_track.yaml::\u7f3a\u5c11waybillNo]" time="0.010" /><testcase classname="testcase.single_api.test_logistics.TestLogistics" name="test_logistics_api[05_track.yaml::GET\u65b9\u5f0f\u67e5\u8be2]" time="0.010" /><testcase classname="testcase.single_api.test_logistics.TestLogistics" name="test_logistics_api[06_schedule.yaml::waybillNo\u4e0d\u5b58\u5728]" time="0.009" /><testcase classname="testcase.single_api.test_logistics.TestLogistics" name="test_logistics_api[06_schedule.yaml::\u7f3a\u5c11\u6d3e\u9001\u65e5\u671f]" time="0.019" /><testcase classname="testcase.single_api.test_logistics.TestLogistics" name="test_logistics_api[06_schedule.yaml::\u7f3a\u5c11timeWindow]" time="0.021" /><testcase classname="testcase.single_api.test_logistics.TestLogistics" name="test_logistics_api[06_schedule.yaml::\u7f3a\u5c11waybillNo]" time="0.025" /><testcase classname="testcase.single_api.test_logistics.TestLogistics" name="test_logistics_api[06_schedule.yaml::waybillNo\u4e3a\u7a7a]" time="0.009" /><testcase classname="testcase.single_api.test_logistics.TestLogistics" name="test_logistics_api[07_sign.yaml::waybillNo\u4e0d\u5b58\u5728]" time="0.031" /><testcase classname="testcase.single_api.test_logistics.TestLogistics" name="test_logistics_api[07_sign.yaml::\u7f3a\u5c11\u7b7e\u6536\u4eba]" time="0.024" /><testcase classname="testcase.single_api.test_logistics.TestLogistics" name="test_logistics_api[07_sign.yaml::\u7f3a\u5c11\u7b7e\u6536\u65f6\u95f4]" time="0.021" /><testcase classname="testcase.single_api.test_logistics.TestLogistics" name="test_logistics_api[07_sign.yaml::\u7f3a\u5c11waybillNo]" time="0.009" /><testcase classname="testcase.single_api.test_logistics.TestLogistics" name="test_logistics_api[07_sign.yaml::waybillNo\u4e3a\u7a7a]" time="0.009" /><testcase classname="testcase.single_api.test_logistics.TestLogistics" name="test_logistics_api[08_exception.yaml::\u6b63\u5e38\u4e0a\u62a5\u5f02\u5e38]" time="0.024" /><testcase classname="testcase.single_api.test_logistics.TestLogistics" name="test_logistics_api[08_exception.yaml::waybillNo\u4e0d\u5b58\u5728]" time="0.022" /><testcase classname="testcase.single_api.test_logistics.TestLogistics" name="test_logistics_api[08_exception.yaml::\u7f3a\u5c11\u5f02\u5e38\u7c7b\u578b]" time="0.010" /><testcase classname="testcase.single_api.test_logistics.TestLogistics" name="test_logistics_api[08_exception.yaml::\u7f3a\u5c11\u63cf\u8ff0]" time="0.030" /><testcase classname="testcase.single_api.test_logistics.TestLogistics" name="test_logistics_api[08_exception.yaml::\u7f3a\u5c11waybillNo]" time="0.019" /><testcase classname="testcase.single_api.test_logistics.TestLogistics" name="test_logistics_api[09_split.yaml::\u524d\u7f6e-\u521b\u5efa\u8fd0\u5355]" time="0.015" /><testcase classname="testcase.single_api.test_logistics.TestLogistics" name="test_logistics_api[09_split.yaml::\u6b63\u5e38\u62c6\u5355]" time="0.036" /><testcase classname="testcase.single_api.test_logistics.TestLogistics" name="test_logistics_api[09_split.yaml::waybillNo\u4e0d\u5b58\u5728]" time="0.021" /><testcase classname="testcase.single_api.test_logistics.TestLogistics" name="test_logistics_api[09_split.yaml::\u7f3a\u5c11splitItems]" time="0.026" /><testcase classname="testcase.single_api.test_logistics.TestLogistics" name="test_logistics_api[09_split.yaml::\u72b6\u6001\u4e0d\u5141\u8bb8\u62c6\u5355]" time="0.021" /><testcase classname="testcase.single_api.test_logistics.TestLogistics" name="test_logistics_api[09_split.yaml::\u62c6\u5355\u6570\u91cf\u8d85\u9650]" time="0.009" /><testcase classname="testcase.single_api.test_logistics.TestLogistics" name="test_logistics_api[10_return.yaml::waybillNo\u4e0d\u5b58\u5728]" time="0.019" /><testcase classname="testcase.single_api.test_logistics.TestLogistics" name="test_logistics_api[10_return.yaml::\u7f3a\u5c11\u9000\u8d27\u539f\u56e0]" time="0.028" /><testcase classname="testcase.single_api.test_logistics.TestLogistics" name="test_logistics_api[10_return.yaml::\u7f3a\u5c11returnType]" time="0.026" /><testcase classname="testcase.single_api.test_logistics.TestLogistics" name="test_logistics_api[10_return.yaml::\u7f3a\u5c11waybillNo]" time="0.009" /><testcase classname="testcase.single_api.test_logistics.TestLogistics" name="test_logistics_api[10_return.yaml::returnType\u4e3a\u7a7a]" time="0.009" /><testcase classname="testcase.single_api.test_logistics.TestLogistics" name="test_logistics_api[11_cost.yaml::\u6b63\u5e38\u8ba1\u8d39]" time="0.035" /><testcase classname="testcase.single_api.test_logistics.TestLogistics" name="test_logistics_api[11_cost.yaml::waybillNo\u4e0d\u5b58\u5728]" time="0.026" /><testcase classname="testcase.single_api.test_logistics.TestLogistics" name="test_logistics_api[11_cost.yaml::\u7f3a\u5c11weight]" time="0.026" /><testcase classname="testcase.single_api.test_logistics.TestLogistics" name="test_logistics_api[11_cost.yaml::\u91cd\u91cf\u4e3a0]" time="0.008" /><testcase classname="testcase.single_api.test_logistics.TestLogistics" name="test_logistics_api[11_cost.yaml::\u8ddd\u79bb\u4e3a\u8d1f\u6570]" time="0.031" /><testcase classname="testcase.single_api.test_logistics.TestLogistics" name="test_logistics_api[12_carrier.yaml::\u67e5\u8be2\u987a\u4e30]" time="0.008" /><testcase classname="testcase.single_api.test_logistics.TestLogistics" name="test_logistics_api[12_carrier.yaml::\u67e5\u8be2\u4e2d\u901a]" time="0.009" /><testcase classname="testcase.single_api.test_logistics.TestLogistics" name="test_logistics_api[12_carrier.yaml::\u67e5\u8be2\u4e0d\u5b58\u5728\u627f\u8fd0\u5546]" time="0.008" /><testcase classname="testcase.single_api.test_logistics.TestLogistics" name="test_logistics_api[12_carrier.yaml::\u7f3a\u5c11carrierId]" time="0.009" /><testcase classname="testcase.single_api.test_user_crud.TestUserManager" name="test_add_user[base_info0-testcase0]" time="0.045" /><testcase classname="testcase.single_api.test_user_crud.TestUserManager" name="test_add_user[base_info1-testcase1]" time="0.022" /><testcase classname="testcase.single_api.test_user_crud.TestUserManager" name="test_add_user[base_info2-testcase2]" time="0.026" /><testcase classname="testcase.single_api.test_user_crud.TestUserManager" name="test_add_user[base_info3-testcase3]" time="0.027" /><testcase classname="testcase.single_api.test_user_db.TestUserWithDB" name="test_add_user_with_db[base_info0-testcase0]" time="0.101" /><testcase classname="testcase.smoke.test_logger" name="test_log_levels" time="0.004" /><testcase classname="testcase.smoke.test_logger" name="test_both_outputs" time="0.004" /><testcase classname="testcase.smoke.test_send_request" name="test_get_index" time="0.006" /><testcase classname="testcase.smoke.test_send_request" name="test_post_login" time="0.008" /><testcase classname="testcase.smoke.test_send_request" name="test_base_url_from_config" time="0.003" /><testcase classname="testcase.workflow.test_ecommerce_workflow.TestEcommerceWorkflow" name="test_ecommerce_order_flow[base_info0-testcase0]" time="0.012" /><testcase classname="testcase.workflow.test_ecommerce_workflow.TestEcommerceWorkflow" name="test_ecommerce_order_flow[base_info1-testcase1]" time="0.011" /><testcase classname="testcase.workflow.test_ecommerce_workflow.TestEcommerceWorkflow" name="test_ecommerce_order_flow[base_info2-testcase2]" time="0.033" /><testcase classname="testcase.workflow.test_ecommerce_workflow.TestEcommerceWorkflow" name="test_ecommerce_order_flow[base_info3-testcase3]" time="0.028" /><testcase classname="testcase.workflow.test_ecommerce_workflow.TestEcommerceWorkflow" name="test_ecommerce_order_flow[base_info4-testcase4]" time="0.032" /><testcase classname="testcase.workflow.test_ecommerce_workflow.TestEcommerceWorkflow" name="test_ecommerce_order_flow[base_info5-testcase5]" time="0.021" /><testcase classname="testcase.workflow.test_ecommerce_workflow.TestEcommerceWorkflow" name="test_ecommerce_order_flow[base_info6-testcase6]" time="0.025" /><testcase classname="testcase.workflow.test_ecommerce_workflow.TestEcommerceWorkflow" name="test_ecommerce_order_negative[base_info0-testcase0]" time="0.031" /><testcase classname="testcase.workflow.test_ecommerce_workflow.TestEcommerceWorkflow" name="test_ecommerce_order_negative[base_info1-testcase1]" time="0.009" /><testcase classname="testcase.workflow.test_ecommerce_workflow.TestEcommerceWorkflow" name="test_ecommerce_order_negative[base_info2-testcase2]" time="0.030" /><testcase classname="testcase.workflow.test_ecommerce_workflow.TestEcommerceWorkflow" name="test_ecommerce_order_negative[base_info3-testcase3]" time="0.028" /><testcase classname="testcase.workflow.test_ecommerce_workflow.TestEcommerceWorkflow" name="test_ecommerce_order_negative[base_info4-testcase4]" time="0.025" /><testcase classname="testcase.workflow.test_logistics_workflow.TestLogisticsWorkflow" name="test_logistics_full_lifecycle[base_info0-testcase0]" time="0.031" /><testcase classname="testcase.workflow.test_logistics_workflow.TestLogisticsWorkflow" name="test_logistics_full_lifecycle[base_info1-testcase1]" time="0.020" /><testcase classname="testcase.workflow.test_logistics_workflow.TestLogisticsWorkflow" name="test_logistics_full_lifecycle[base_info2-testcase2]" time="0.018" /><testcase classname="testcase.workflow.test_logistics_workflow.TestLogisticsWorkflow" name="test_logistics_full_lifecycle[base_info3-testcase3]" time="0.017" /><testcase classname="testcase.workflow.test_logistics_workflow.TestLogisticsWorkflow" name="test_logistics_full_lifecycle[base_info4-testcase4]" time="0.025" /><testcase classname="testcase.workflow.test_logistics_workflow.TestLogisticsWorkflow" name="test_logistics_full_lifecycle[base_info5-testcase5]" time="0.025" /><testcase classname="testcase.workflow.test_logistics_workflow.TestLogisticsWorkflow" name="test_logistics_full_lifecycle[base_info6-testcase6]" time="0.025" /><testcase classname="testcase.workflow.test_logistics_workflow.TestLogisticsWorkflow" name="test_logistics_exception_flow[base_info0-testcase0]" time="0.028" /><testcase classname="testcase.workflow.test_logistics_workflow.TestLogisticsWorkflow" name="test_logistics_exception_flow[base_info1-testcase1]" time="0.041" /><testcase classname="testcase.workflow.test_logistics_workflow.TestLogisticsWorkflow" name="test_logistics_exception_flow[base_info2-testcase2]" time="0.014" /><testcase classname="testcase.workflow.test_logistics_workflow.TestLogisticsWorkflow" name="test_logistics_exception_flow[base_info3-testcase3]" time="0.044" /><testcase classname="testcase.workflow.test_logistics_workflow.TestLogisticsWorkflow" name="test_logistics_exception_flow[base_info4-testcase4]" time="0.016" /><testcase classname="testcase.workflow.test_logistics_workflow.TestLogisticsWorkflow" name="test_logistics_exception_flow[base_info5-testcase5]" time="0.038" /><testcase classname="testcase.workflow.test_logistics_workflow.TestLogisticsWorkflow" name="test_logistics_exception_flow[base_info6-testcase6]" time="0.033" /><testcase classname="testcase.workflow.test_logistics_workflow.TestLogisticsWorkflow" name="test_logistics_split_flow[base_info0-testcase0]" time="0.026" /><testcase classname="testcase.workflow.test_logistics_workflow.TestLogisticsWorkflow" name="test_logistics_split_flow[base_info1-testcase1]" time="0.042" /><testcase classname="testcase.workflow.test_logistics_workflow.TestLogisticsWorkflow" name="test_logistics_split_flow[base_info2-testcase2]" time="0.036" /><testcase classname="testcase.workflow.test_logistics_workflow.TestLogisticsWorkflow" name="test_logistics_split_flow[base_info3-testcase3]" time="0.085" /></testsuite></testsuites>