<?xml version="1.0" encoding="utf-8"?><testsuites name="pytest tests"><testsuite name="pytest" errors="0" failures="0" skipped="0" tests="17" time="1.549" timestamp="2026-06-16T22:13:28.079543+08:00" hostname="ROMMEL"><testcase classname="testcase.single_api.test_exception_cases.TestExceptionCases" name="test_exception[base_info0-testcase0]" time="0.046" /><testcase classname="testcase.single_api.test_exception_cases.TestExceptionCases" name="test_exception[base_info1-testcase1]" time="1.009" /><testcase classname="testcase.single_api.test_exception_cases.TestExceptionCases" name="test_exception[base_info2-testcase2]" time="0.027" /><testcase classname="testcase.single_api.test_exception_cases.TestExceptionCases" name="test_exception[base_info3-testcase3]" time="0.029" /><testcase classname="testcase.single_api.test_exception_cases.TestExceptionCases" name="test_exception[base_info4-testcase4]" time="0.008" /><testcase classname="testcase.single_api.test_exception_cases.TestExceptionCases" name="test_exception[base_info5-testcase5]" time="0.019" /><testcase classname="testcase.single_api.test_login_redis.TestLoginWithRedis" name="test_login_redis[base_info0-testcase0]" time="0.035" /><testcase classname="testcase.single_api.test_user_crud.TestUserManager" name="test_add_user[base_info0-testcase0]" time="0.049" /><testcase classname="testcase.single_api.test_user_crud.TestUserManager" name="test_add_user[base_info1-testcase1]" time="0.008" /><testcase classname="testcase.single_api.test_user_crud.TestUserManager" name="test_add_user[base_info2-testcase2]" time="0.025" /><testcase classname="testcase.single_api.test_user_crud.TestUserManager" name="test_add_user[base_info3-testcase3]" time="0.029" /><testcase classname="testcase.single_api.test_user_db.TestUserWithDB" name="test_add_user_with_db[base_info0-testcase0]" time="0.093" /><testcase classname="testcase.smoke.test_logger" name="test_log_levels" time="0.003" /><testcase classname="testcase.smoke.test_logger" name="test_both_outputs" time="0.003" /><testcase classname="testcase.smoke.test_send_request" name="test_get_index" time="0.030" /><testcase classname="testcase.smoke.test_send_request" name="test_post_login" time="0.029" /><testcase classname="testcase.smoke.test_send_request" name="test_base_url_from_config" time="0.029" /></testsuite></testsuites>